<testsuite failures="0" name="src/test/java/com/wellsfargo/featurefiles/karate13_endToendRestapiValidation.feature" skipped="0" tests="1" time="3.823616">
  <testcase classname="src.test.java.com.wellsfargo.featurefiles.karate13_endToendRestapiValidation" name="Rest api e2e TestCase 1" time="3.823616">
    <system-out>Given url "https://jsonplaceholder.typicode.com/posts" .................... passed
And header Content-Type = "application/json; charset=UTF-8" ............... passed
And request ............................................................... passed
When method post .......................................................... passed
Then status 201 ........................................................... passed
* print response .......................................................... passed
* def id = 1 .............................................................. passed
* print id ................................................................ passed
Given url "https://jsonplaceholder.typicode.com/posts/" + id .............. passed
When method get ........................................................... passed
Given url "https://jsonplaceholder.typicode.com/posts/" + id .............. passed
And header Content-Type = "application/json; charset=UTF-8" ............... passed
And request "{id: " + id + ", title: 'foo', body: 'bar', userId: 1}" ...... passed
When method put ........................................................... passed
Given url "https://jsonplaceholder.typicode.com/posts/" + id .............. passed
When method delete ........................................................ passed</system-out>
  </testcase>
</testsuite>
