<testsuite failures="0" name="src/test/java/com/wellsfargo/featurefiles/karate09_rest.feature" skipped="0" tests="1" time="2.229362">
  <testcase classname="src.test.java.com.wellsfargo.featurefiles.karate09_rest" name="rest testcase 1" time="2.229362">
    <system-out>Given url "https://www.w3schools.com/xml/tempconvert.asmx/CelsiusToFahrenheit" . passed
And header Content-Type = "application/x-www-form-urlencoded" ............. passed
And request "Celsius=40" .................................................. passed
When method post .......................................................... passed
Then status 200 ........................................................... passed
* print response .......................................................... passed
* print responseHeaders ................................................... passed
* match response //string == 104 .......................................... passed
* print responseTime ...................................................... passed
* assert responseTime &lt;= 1000 ............................................. passed</system-out>
  </testcase>
</testsuite>
