<testsuite failures="0" name="src/test/java/com/wellsfargo/featurefiles/karate20_Splunk.feature" skipped="0" tests="3" time="2.622374">
  <testcase classname="src.test.java.com.wellsfargo.featurefiles.karate20_Splunk" name="Splunk validation testcase 1" time="2.086824">
    <system-out>* def login = ............................................................. passed
* def auth = login("palmetoadmin", "P@lmeto@123") ......................... passed
* print auth .............................................................. passed
* configure ssl = true .................................................... passed
Given url "https://10.0.0.60:8089" ........................................ passed
And header Authorization = auth ........................................... passed
Given path "/services/search/jobs" ........................................ passed
When method get ........................................................... passed
Then status 200 ........................................................... passed
* print response .......................................................... passed
* print responseType ...................................................... passed
* match response /feed/author/name == "Splunk" ............................ passed</system-out>
  </testcase>
  <testcase classname="src.test.java.com.wellsfargo.featurefiles.karate20_Splunk" name="Splunk validation testcase 2" time="0.295164">
    <system-out>* def login = ............................................................. passed
* def auth = login("palmetoadmin", "P@lmeto@123") ......................... passed
* print auth .............................................................. passed
* configure ssl = true .................................................... passed
Given url "https://10.0.0.60:8089" ........................................ passed
And header Authorization = auth ........................................... passed
Given path "/services/search/jobs" ........................................ passed
When method get ........................................................... passed
Then status 200 ........................................................... passed
* print response .......................................................... passed
* print responseType ...................................................... passed
* match response /feed/author/name == "Splunk" ............................ passed
* def login = ............................................................. passed
* def auth = login("palmetoadmin", "P@lmeto@123") ......................... passed
* print auth .............................................................. passed
* configure ssl = true .................................................... passed
Given url "https://10.0.0.60:8089" ........................................ passed
And header Authorization = auth ........................................... passed
Given path "/services/alerts/alert_actions" ............................... passed
When method get ........................................................... passed
Then status 200 ........................................................... passed
* print response .......................................................... passed
* match response /feed/entry[1]/title == "email" .......................... passed</system-out>
  </testcase>
  <testcase classname="src.test.java.com.wellsfargo.featurefiles.karate20_Splunk" name="Splunk validation testcase 3" time="0.240387">
    <system-out>* def login = ............................................................. passed
* def auth = login("palmetoadmin", "P@lmeto@123") ......................... passed
* print auth .............................................................. passed
* configure ssl = true .................................................... passed
Given url "https://10.0.0.60:8089" ........................................ passed
And header Authorization = auth ........................................... passed
Given path "/services/search/jobs" ........................................ passed
When method get ........................................................... passed
Then status 200 ........................................................... passed
* print response .......................................................... passed
* print responseType ...................................................... passed
* match response /feed/author/name == "Splunk" ............................ passed
* def login = ............................................................. passed
* def auth = login("palmetoadmin", "P@lmeto@123") ......................... passed
* print auth .............................................................. passed
* configure ssl = true .................................................... passed
Given url "https://10.0.0.60:8089" ........................................ passed
And header Authorization = auth ........................................... passed
Given path "/services/alerts/alert_actions" ............................... passed
When method get ........................................................... passed
Then status 200 ........................................................... passed
* print response .......................................................... passed
* match response /feed/entry[1]/title == "email" .......................... passed
* def login = ............................................................. passed
* def auth = login("palmetoadmin", "P@lmeto@123") ......................... passed
* print auth .............................................................. passed
* configure ssl = true .................................................... passed
Given url "https://10.0.0.60:8089" ........................................ passed
And header Authorization = auth ........................................... passed
Given path "/services/alerts/fired_alerts" ................................ passed
When method get ........................................................... passed
Then status 200 ........................................................... passed
* def res = get response /feed/entry/content/dict/key/dict/key[@name='app'] . passed
* print res ............................................................... passed
* match res == "search" ................................................... passed</system-out>
  </testcase>
</testsuite>
