<testsuite failures="0" name="src/test/java/com/wellsfargo/featurefiles/karate06_soap_external.feature" skipped="0" tests="1" time="3.169562">
  <testcase classname="src.test.java.com.wellsfargo.featurefiles.karate06_soap_external" name="soap validation 1.1 payload data from external file testcase1" time="3.169562">
    <system-out>Given url "https://www.w3schools.com/xml/tempconvert.asmx" ................ passed
And header Content-Type = "text/xml; charset=utf-8" ....................... passed
And request read("tempConver_input.xml") .................................. passed
When soap action "https://www.w3schools.com/xml/CelsiusToFahrenheit" ...... passed
Then status 200 ........................................................... passed
* print responseHeaders ................................................... passed
* match responseHeaders["Server"] == ["Microsoft-IIS/7.5"] ................ passed
* match responseHeaders["Server"][0] == "Microsoft-IIS/7.5" ............... passed
* match responseType == "xml" ............................................. passed
* print response .......................................................... passed
* match response contains "102.2" ......................................... passed
* match response //CelsiusToFahrenheitResponse/CelsiusToFahrenheitResult == 102.2 . passed
* assert responseTime &lt;= 2000 ............................................. passed
* print responseTime ...................................................... passed</system-out>
  </testcase>
</testsuite>
